mode: set
subsync/internal/core/domain/service/translation_validator.go:7.49,16.35 7 1
subsync/internal/core/domain/service/translation_validator.go:16.35,17.39 1 1
subsync/internal/core/domain/service/translation_validator.go:17.39,19.4 1 1
subsync/internal/core/domain/service/translation_validator.go:21.2,21.34 1 1
subsync/internal/core/domain/service/translation_validator.go:21.34,22.39 1 1
subsync/internal/core/domain/service/translation_validator.go:22.39,24.4 1 1
subsync/internal/core/domain/service/translation_validator.go:26.2,26.35 1 1
subsync/internal/core/domain/service/translation_validator.go:26.35,27.39 1 1
subsync/internal/core/domain/service/translation_validator.go:27.39,29.4 1 0
subsync/internal/core/domain/service/translation_validator.go:32.2,32.27 1 1
subsync/internal/core/domain/service/translation_validator.go:32.27,33.10 1 1
subsync/internal/core/domain/service/translation_validator.go:34.39,35.16 1 1
subsync/internal/core/domain/service/translation_validator.go:36.39,37.16 1 1
subsync/internal/core/domain/service/translation_validator.go:38.39,39.16 1 1
subsync/internal/core/domain/service/translation_validator.go:43.2,43.33 1 1
subsync/internal/core/domain/service/translation_validator.go:43.33,44.34 1 1
subsync/internal/core/domain/service/translation_validator.go:44.34,46.4 1 1
subsync/internal/core/domain/service/translation_validator.go:49.2,49.14 1 1
subsync/internal/core/domain/entity/apikey.go:25.66,26.19 1 1
subsync/internal/core/domain/entity/apikey.go:26.19,28.3 1 1
subsync/internal/core/domain/entity/apikey.go:29.2,29.20 1 1
subsync/internal/core/domain/entity/apikey.go:29.20,31.3 1 1
subsync/internal/core/domain/entity/apikey.go:32.2,38.8 1 1
subsync/internal/core/domain/entity/apikey.go:50.20,51.19 1 1
subsync/internal/core/domain/entity/apikey.go:51.19,53.3 1 1
subsync/internal/core/domain/entity/apikey.go:54.2,54.20 1 1
subsync/internal/core/domain/entity/apikey.go:54.20,56.3 1 1
subsync/internal/core/domain/entity/apikey.go:57.2,69.8 1 1
subsync/internal/core/domain/entity/apikey.go:72.27,74.2 1 1
subsync/internal/core/domain/entity/apikey.go:76.35,78.2 1 1
subsync/internal/core/domain/entity/apikey.go:80.36,82.2 1 1
subsync/internal/core/domain/entity/apikey.go:84.34,86.2 1 1
subsync/internal/core/domain/entity/apikey.go:88.41,90.2 1 1
subsync/internal/core/domain/entity/apikey.go:92.46,94.2 1 1
subsync/internal/core/domain/entity/apikey.go:96.36,98.2 1 1
subsync/internal/core/domain/entity/apikey.go:100.42,102.2 1 1
subsync/internal/core/domain/entity/apikey.go:104.37,106.2 1 1
subsync/internal/core/domain/entity/apikey.go:108.40,110.2 1 1
subsync/internal/core/domain/entity/apikey.go:112.40,114.2 1 1
subsync/internal/core/domain/entity/apikey.go:116.31,121.2 4 1
subsync/internal/core/domain/entity/apikey.go:123.64,127.2 3 1
subsync/internal/core/domain/entity/apikey.go:129.31,133.2 3 1
subsync/internal/core/domain/entity/apikey.go:135.31,138.2 2 1
subsync/internal/core/domain/entity/apikey.go:140.29,143.2 2 1
subsync/internal/core/domain/entity/subtitle.go:22.86,23.19 1 1
subsync/internal/core/domain/entity/subtitle.go:23.19,25.3 1 1
subsync/internal/core/domain/entity/subtitle.go:26.2,33.8 1 1
subsync/internal/core/domain/entity/subtitle.go:44.22,45.19 1 1
subsync/internal/core/domain/entity/subtitle.go:45.19,47.3 1 1
subsync/internal/core/domain/entity/subtitle.go:48.2,57.8 1 1
subsync/internal/core/domain/entity/subtitle.go:60.52,60.67 1 1
subsync/internal/core/domain/entity/subtitle.go:61.52,61.72 1 1
subsync/internal/core/domain/entity/subtitle.go:62.56,62.75 1 1
subsync/internal/core/domain/entity/subtitle.go:63.52,63.74 1 1
subsync/internal/core/domain/entity/subtitle.go:64.52,64.73 1 1
subsync/internal/core/domain/entity/subtitle.go:65.52,65.74 1 1
subsync/internal/core/domain/entity/subtitle.go:66.52,66.74 1 1
subsync/internal/core/domain/entity/subtitle.go:67.54,67.76 1 0
subsync/internal/core/domain/entity/subtitle.go:69.77,70.41 1 1
subsync/internal/core/domain/entity/subtitle.go:70.41,74.3 3 1
subsync/internal/core/domain/entity/subtitle.go:75.2,75.99 1 1
subsync/internal/core/domain/entity/subtitle.go:78.35,81.2 2 1
subsync/internal/core/domain/entity/subtitle.go:83.37,87.2 3 1
subsync/internal/core/domain/entity/subtitle.go:89.41,92.2 2 1
subsync/internal/core/domain/entity/watchdir.go:20.50,21.16 1 1
subsync/internal/core/domain/entity/watchdir.go:21.16,23.3 1 1
subsync/internal/core/domain/entity/watchdir.go:26.2,31.12 3 1
subsync/internal/core/domain/entity/watchdir.go:31.12,33.33 1 1
subsync/internal/core/domain/entity/watchdir.go:33.33,35.27 2 0
subsync/internal/core/domain/entity/watchdir.go:35.27,37.5 1 0
subsync/internal/core/domain/entity/watchdir.go:40.2,40.12 1 1
subsync/internal/core/domain/entity/watchdir.go:40.12,42.3 1 1
subsync/internal/core/domain/entity/watchdir.go:48.2,48.39 1 1
subsync/internal/core/domain/entity/watchdir.go:48.39,49.18 1 1
subsync/internal/core/domain/entity/watchdir.go:49.18,51.4 1 0
subsync/internal/core/domain/entity/watchdir.go:54.2,58.8 1 1
subsync/internal/core/domain/entity/watchdir.go:61.88,63.2 1 1
subsync/internal/core/domain/entity/watchdir.go:65.43,65.58 1 1
subsync/internal/core/domain/entity/watchdir.go:66.43,66.60 1 1
subsync/internal/core/domain/entity/watchdir.go:67.43,67.63 1 1
subsync/internal/core/domain/entity/watchdir.go:68.43,68.65 1 1
subsync/internal/core/domain/entity/watchdir.go:70.30,70.50 1 1
subsync/internal/core/domain/entity/watchdir.go:71.30,71.51 1 1
subsync/internal/core/domain/entity/watchdir.go:72.30,72.56 1 1
subsync/internal/core/domain/valueobject/media_info.go:12.115,13.26 1 1
subsync/internal/core/domain/valueobject/media_info.go:13.26,15.3 1 1
subsync/internal/core/domain/valueobject/media_info.go:16.2,16.54 1 1
subsync/internal/core/domain/valueobject/media_info.go:16.54,18.3 1 1
subsync/internal/core/domain/valueobject/media_info.go:19.2,19.22 1 1
subsync/internal/core/domain/valueobject/media_info.go:19.22,21.3 1 1
subsync/internal/core/domain/valueobject/media_info.go:22.2,22.23 1 1
subsync/internal/core/domain/valueobject/media_info.go:22.23,24.3 1 1
subsync/internal/core/domain/valueobject/media_info.go:25.2,30.8 1 1
subsync/internal/core/domain/valueobject/media_type.go:10.35,12.2 1 1
subsync/internal/core/domain/valueobject/subtitle_status.go:23.67,25.14 2 1
subsync/internal/core/domain/valueobject/subtitle_status.go:25.14,27.3 1 1
subsync/internal/core/domain/valueobject/subtitle_status.go:28.2,28.41 1 1
subsync/internal/core/domain/valueobject/subtitle_status.go:28.41,29.21 1 1
subsync/internal/core/domain/valueobject/subtitle_status.go:29.21,31.4 1 1
subsync/internal/core/domain/valueobject/subtitle_status.go:33.2,33.14 1 1
subsync/internal/core/application/service/embeding_service.go:27.21,34.2 1 1
subsync/internal/core/application/service/embeding_service.go:36.52,38.47 2 1
subsync/internal/core/application/service/embeding_service.go:38.47,39.48 1 1
subsync/internal/core/application/service/embeding_service.go:39.48,41.4 1 1
subsync/internal/core/application/service/embeding_service.go:43.2,43.34 1 1
subsync/internal/core/application/service/embeding_service.go:46.57,47.21 1 1
subsync/internal/core/application/service/embeding_service.go:47.21,49.3 1 1
subsync/internal/core/application/service/embeding_service.go:52.68,54.16 2 1
subsync/internal/core/application/service/embeding_service.go:54.16,56.3 1 0
subsync/internal/core/application/service/embeding_service.go:58.2,58.35 1 1
subsync/internal/core/application/service/embeding_service.go:58.35,60.56 2 1
subsync/internal/core/application/service/embeding_service.go:60.56,62.12 2 1
subsync/internal/core/application/service/embeding_service.go:64.3,71.16 6 1
subsync/internal/core/application/service/embeding_service.go:74.2,74.12 1 1
subsync/internal/core/application/service/embeding_service.go:77.85,79.16 2 1
subsync/internal/core/application/service/embeding_service.go:79.16,85.3 5 1
subsync/internal/core/application/service/embeding_service.go:88.2,89.25 2 1
subsync/internal/core/application/service/embeding_service.go:89.25,94.3 4 1
subsync/internal/core/application/service/embeding_service.go:97.2,97.95 1 1
subsync/internal/core/application/service/embeding_service.go:97.95,103.3 5 1
subsync/internal/core/application/service/embeding_service.go:105.2,108.89 3 1
subsync/internal/core/application/service/embeding_service.go:108.89,111.3 2 1
subsync/internal/core/application/service/embeding_service.go:113.2,115.71 3 1
subsync/internal/core/application/service/embeding_service.go:118.122,119.9 1 1
subsync/internal/core/application/service/embeding_service.go:121.42,124.71 3 0
subsync/internal/core/application/service/embeding_service.go:125.45,126.54 1 1
subsync/internal/core/application/service/embeding_service.go:128.42,130.26 1 1
subsync/internal/core/application/service/embeding_service.go:131.10,132.26 1 0
subsync/internal/core/application/service/embeding_service.go:134.2,134.40 1 1
subsync/internal/core/application/service/scanning_service.go:32.20,40.2 1 1
subsync/internal/core/application/service/scanning_service.go:42.74,43.27 1 1
subsync/internal/core/application/service/scanning_service.go:43.27,44.84 1 1
subsync/internal/core/application/service/scanning_service.go:44.84,46.4 1 1
subsync/internal/core/application/service/scanning_service.go:48.2,48.20 1 1
subsync/internal/core/application/service/scanning_service.go:51.64,53.14 2 1
subsync/internal/core/application/service/scanning_service.go:53.14,55.3 1 1
subsync/internal/core/application/service/scanning_service.go:56.2,58.30 3 1
subsync/internal/core/application/service/scanning_service.go:63.61,68.8 4 1
subsync/internal/core/application/service/scanning_service.go:68.8,72.23 3 1
subsync/internal/core/application/service/scanning_service.go:72.23,74.4 1 0
subsync/internal/core/application/service/scanning_service.go:75.3,76.17 2 1
subsync/internal/core/application/service/scanning_service.go:76.17,78.4 1 1
subsync/internal/core/application/service/scanning_service.go:82.2,83.16 2 1
subsync/internal/core/application/service/scanning_service.go:83.16,85.3 1 1
subsync/internal/core/application/service/scanning_service.go:86.2,86.32 1 0
subsync/internal/core/application/service/scanning_service.go:89.59,90.46 1 1
subsync/internal/core/application/service/scanning_service.go:90.46,91.82 1 1
subsync/internal/core/application/service/scanning_service.go:91.82,92.34 1 1
subsync/internal/core/application/service/scanning_service.go:92.34,94.5 1 1
subsync/internal/core/application/service/scanning_service.go:96.4,97.38 2 1
subsync/internal/core/application/service/scanning_service.go:97.38,99.5 1 1
subsync/internal/core/application/service/scanning_service.go:101.4,102.27 2 1
subsync/internal/core/application/service/scanning_service.go:102.27,104.5 1 1
subsync/internal/core/application/service/scanning_service.go:106.4,107.18 2 1
subsync/internal/core/application/service/scanning_service.go:107.18,109.5 1 1
subsync/internal/core/application/service/scanning_service.go:112.4,113.37 2 1
subsync/internal/core/application/service/scanning_service.go:113.37,115.19 2 1
subsync/internal/core/application/service/scanning_service.go:119.39,120.16 1 1
subsync/internal/core/application/service/scanning_service.go:125.4,125.37 1 1
subsync/internal/core/application/service/scanning_service.go:125.37,126.55 1 1
subsync/internal/core/application/service/scanning_service.go:126.55,128.45 2 1
subsync/internal/core/application/service/scanning_service.go:128.45,131.7 2 1
subsync/internal/core/application/service/scanning_service.go:135.4,138.18 3 1
subsync/internal/core/application/service/scanning_service.go:138.18,140.5 1 0
subsync/internal/core/application/service/scanning_service.go:142.4,145.19 1 1
subsync/internal/core/application/service/scanning_service.go:145.19,147.5 1 0
subsync/internal/core/application/service/scanning_service.go:149.4,149.45 1 1
subsync/internal/core/application/service/scanning_service.go:151.3,151.17 1 1
subsync/internal/core/application/service/scanning_service.go:151.17,153.4 1 0
subsync/internal/core/application/service/scanning_service.go:155.2,155.12 1 1
subsync/internal/core/application/service/stats_service.go:22.17,29.2 1 1
subsync/internal/core/application/service/stats_service.go:31.82,33.2 1 1
subsync/internal/core/application/service/stats_service.go:35.85,37.2 1 1
subsync/internal/core/application/service/stats_service.go:39.98,41.2 1 1
subsync/internal/core/application/service/stats_service.go:43.79,45.16 2 1
subsync/internal/core/application/service/stats_service.go:45.16,47.3 1 0
subsync/internal/core/application/service/stats_service.go:48.2,48.72 1 1
subsync/internal/core/application/service/stats_service.go:48.72,50.3 1 1
subsync/internal/core/application/service/stats_service.go:51.2,51.59 1 1
subsync/internal/core/application/service/stats_service.go:51.59,53.3 1 0
subsync/internal/core/application/service/stats_service.go:54.2,56.4 1 1
subsync/internal/core/application/service/stats_service.go:59.75,61.16 2 1
subsync/internal/core/application/service/stats_service.go:61.16,63.3 1 0
subsync/internal/core/application/service/stats_service.go:65.2,66.85 2 1
subsync/internal/core/application/service/stats_service.go:66.85,67.71 1 1
subsync/internal/core/application/service/stats_service.go:67.71,69.4 1 0
subsync/internal/core/application/service/stats_service.go:70.3,70.28 1 1
subsync/internal/core/application/service/stats_service.go:72.2,72.43 1 1
subsync/internal/core/application/service/stats_service.go:75.94,77.16 2 1
subsync/internal/core/application/service/stats_service.go:77.16,79.3 1 1
subsync/internal/core/application/service/stats_service.go:80.2,80.36 1 1
subsync/internal/core/application/service/stats_service.go:83.73,85.16 2 1
subsync/internal/core/application/service/stats_service.go:85.16,87.3 1 0
subsync/internal/core/application/service/stats_service.go:88.2,89.36 2 1
subsync/internal/core/application/service/stats_service.go:92.76,94.16 2 1
subsync/internal/core/application/service/stats_service.go:94.16,96.3 1 0
subsync/internal/core/application/service/stats_service.go:97.2,98.36 2 1
subsync/internal/core/application/service/stats_service.go:101.83,103.2 1 1
subsync/internal/core/application/service/stats_service.go:105.72,107.2 1 1
subsync/internal/core/application/service/stats_service.go:109.74,111.16 2 1
subsync/internal/core/application/service/stats_service.go:111.16,113.3 1 0
subsync/internal/core/application/service/stats_service.go:114.2,115.36 2 1
subsync/internal/core/application/service/stats_service.go:118.128,120.2 1 1
subsync/internal/core/application/service/stats_service.go:122.87,124.2 1 1
subsync/internal/core/application/service/stats_service.go:126.76,128.16 2 1
subsync/internal/core/application/service/stats_service.go:128.16,130.3 1 1
subsync/internal/core/application/service/stats_service.go:131.2,131.37 1 1
subsync/internal/core/application/service/stats_service.go:134.74,136.2 1 1
subsync/internal/core/application/service/stats_service.go:138.74,140.16 2 1
subsync/internal/core/application/service/stats_service.go:140.16,142.3 1 0
subsync/internal/core/application/service/stats_service.go:143.2,144.37 2 1
subsync/internal/core/application/service/translation_service.go:33.23,42.2 1 1
subsync/internal/core/application/service/translation_service.go:44.59,45.21 1 1
subsync/internal/core/application/service/translation_service.go:45.21,47.3 1 1
subsync/internal/core/application/service/translation_service.go:50.83,52.16 2 1
subsync/internal/core/application/service/translation_service.go:52.16,54.3 1 0
subsync/internal/core/application/service/translation_service.go:56.2,56.49 1 1
subsync/internal/core/application/service/translation_service.go:56.49,58.3 1 1
subsync/internal/core/application/service/translation_service.go:60.2,61.16 2 1
subsync/internal/core/application/service/translation_service.go:61.16,63.3 1 0
subsync/internal/core/application/service/translation_service.go:65.2,68.16 3 1
subsync/internal/core/application/service/translation_service.go:68.16,70.3 1 0
subsync/internal/core/application/service/translation_service.go:71.2,71.18 1 1
subsync/internal/core/application/service/translation_service.go:71.18,73.3 1 1
subsync/internal/core/application/service/translation_service.go:75.2,79.34 4 1
subsync/internal/core/application/service/translation_service.go:79.34,81.27 2 1
subsync/internal/core/application/service/translation_service.go:81.27,83.4 1 1
subsync/internal/core/application/service/translation_service.go:84.3,87.17 3 1
subsync/internal/core/application/service/translation_service.go:87.17,90.4 2 1
subsync/internal/core/application/service/translation_service.go:92.3,93.17 2 1
subsync/internal/core/application/service/translation_service.go:93.17,95.11 2 1
subsync/internal/core/application/service/translation_service.go:96.57,98.12 2 1
subsync/internal/core/application/service/translation_service.go:99.23,100.22 1 1
subsync/internal/core/application/service/translation_service.go:101.41,101.41 0 0
subsync/internal/core/application/service/translation_service.go:103.5,103.13 1 0
subsync/internal/core/application/service/translation_service.go:106.49,112.31 6 1
subsync/internal/core/application/service/translation_service.go:112.31,117.6 4 1
subsync/internal/core/application/service/translation_service.go:118.5,118.13 1 1
subsync/internal/core/application/service/translation_service.go:120.12,122.15 2 1
subsync/internal/core/application/service/translation_service.go:126.3,134.25 7 1
subsync/internal/core/application/service/translation_service.go:134.25,135.11 1 0
subsync/internal/core/application/service/translation_service.go:136.22,137.21 1 0
subsync/internal/core/application/service/translation_service.go:138.40,138.40 0 0
subsync/internal/core/application/service/translation_service.go:144.2,145.31 2 1
subsync/internal/core/application/service/translation_service.go:145.31,147.3 1 1
subsync/internal/core/application/service/translation_service.go:148.2,148.49 1 1
subsync/internal/core/application/service/translation_service.go:148.49,152.3 3 1
subsync/internal/core/application/service/translation_service.go:154.2,155.83 2 1
subsync/internal/core/application/service/translation_service.go:155.83,157.3 1 0
subsync/internal/core/application/service/translation_service.go:159.2,161.70 2 1
subsync/internal/core/application/service/translation_service.go:161.70,163.3 1 0
subsync/internal/core/application/service/translation_service.go:164.2,164.59 1 1
subsync/internal/core/application/service/translation_service.go:164.59,166.3 1 0
subsync/internal/core/application/service/translation_service.go:168.2,169.12 2 1
subsync/pkg/media/parser.go:16.60,20.31 3 1
subsync/pkg/media/parser.go:20.31,24.3 1 1
subsync/pkg/media/parser.go:26.2,28.28 3 1
subsync/pkg/media/parser.go:28.28,30.3 1 1
subsync/pkg/media/parser.go:32.2,35.29 3 1
subsync/pkg/media/parser.go:35.29,36.60 1 1
subsync/pkg/media/parser.go:36.60,38.4 1 1
subsync/pkg/media/parser.go:39.3,39.61 1 1
subsync/pkg/media/parser.go:39.61,42.4 2 1
subsync/pkg/media/parser.go:45.2,50.3 1 1
subsync/pkg/media/parser.go:53.51,54.26 1 1
subsync/pkg/media/parser.go:54.26,55.32 1 1
subsync/pkg/media/parser.go:55.32,57.4 1 1
subsync/pkg/media/parser.go:59.2,59.14 1 1
subsync/pkg/media/parser.go:62.48,63.26 1 1
subsync/pkg/media/parser.go:63.26,64.32 1 1
subsync/pkg/media/parser.go:64.32,66.4 1 1
subsync/pkg/media/parser.go:68.2,68.11 1 0
subsync/pkg/progress/store.go:15.58,18.2 2 1
subsync/pkg/progress/store.go:20.65,23.2 2 1
subsync/pkg/progress/store.go:25.101,27.16 2 1
subsync/pkg/progress/store.go:27.16,29.3 1 0
subsync/pkg/progress/store.go:30.2,30.58 1 1
subsync/pkg/progress/store.go:33.102,35.16 2 1
subsync/pkg/progress/store.go:35.16,36.25 1 1
subsync/pkg/progress/store.go:36.25,38.4 1 1
subsync/pkg/progress/store.go:39.3,39.25 1 0
subsync/pkg/progress/store.go:42.2,43.54 2 1
subsync/pkg/progress/store.go:43.54,45.3 1 1
subsync/pkg/progress/store.go:46.2,46.26 1 1
subsync/pkg/progress/store.go:49.78,51.24 2 1
subsync/pkg/progress/store.go:51.24,53.3 1 1
subsync/pkg/progress/store.go:54.2,54.12 1 1
subsync/pkg/srt/parser.go:9.51,13.29 3 1
subsync/pkg/srt/parser.go:13.29,15.21 2 1
subsync/pkg/srt/parser.go:15.21,16.12 1 1
subsync/pkg/srt/parser.go:19.3,26.5 3 1
subsync/pkg/srt/parser.go:29.2,29.15 1 1
subsync/pkg/srt/parser.go:32.51,34.27 2 1
subsync/pkg/srt/parser.go:34.27,36.3 1 1
subsync/pkg/srt/parser.go:37.2,37.20 1 1
subsync/pkg/srt/validator.go:10.52,12.27 2 1
subsync/pkg/srt/validator.go:12.27,14.3 1 1
subsync/pkg/srt/validator.go:15.2,15.51 1 1
subsync/cmd/agent/main.go:18.13,22.16 3 0
subsync/cmd/agent/main.go:22.16,24.3 1 0
subsync/cmd/agent/main.go:25.2,27.43 2 0
subsync/cmd/agent/main.go:27.43,29.3 1 0
subsync/cmd/agent/main.go:31.2,39.6 7 0
subsync/cmd/agent/main.go:39.6,40.60 1 0
subsync/cmd/agent/main.go:40.60,42.4 1 0
subsync/cmd/agent/main.go:43.3,43.63 1 0
subsync/internal/infrastructure/adapter/rest/gin/dto.go:34.62,49.2 2 0
subsync/internal/infrastructure/adapter/rest/gin/dto.go:51.75,53.30 2 0
subsync/internal/infrastructure/adapter/rest/gin/dto.go:53.30,55.3 1 0
subsync/internal/infrastructure/adapter/rest/gin/dto.go:56.2,56.15 1 0
subsync/internal/infrastructure/adapter/rest/gin/dto.go:59.62,69.2 1 0
subsync/internal/infrastructure/adapter/rest/gin/dto.go:83.56,93.31 2 0
subsync/internal/infrastructure/adapter/rest/gin/dto.go:93.31,95.3 1 0
subsync/internal/infrastructure/adapter/rest/gin/dto.go:96.2,96.27 1 0
subsync/internal/infrastructure/adapter/rest/gin/dto.go:96.27,98.3 1 0
subsync/internal/infrastructure/adapter/rest/gin/dto.go:99.2,99.10 1 0
subsync/internal/infrastructure/adapter/rest/gin/dto.go:102.64,104.25 2 0
subsync/internal/infrastructure/adapter/rest/gin/dto.go:104.25,106.3 1 0
subsync/internal/infrastructure/adapter/rest/gin/dto.go:107.2,107.15 1 0
subsync/internal/infrastructure/adapter/rest/gin/dto.go:117.70,119.25 2 0
subsync/internal/infrastructure/adapter/rest/gin/dto.go:119.25,126.3 1 0
subsync/internal/infrastructure/adapter/rest/gin/dto.go:127.2,127.15 1 0
subsync/internal/infrastructure/adapter/rest/gin/handler.go:29.41,31.16 2 0
subsync/internal/infrastructure/adapter/rest/gin/handler.go:31.16,33.3 1 0
subsync/internal/infrastructure/adapter/rest/gin/handler.go:34.2,35.16 2 0
subsync/internal/infrastructure/adapter/rest/gin/handler.go:35.16,37.3 1 0
subsync/internal/infrastructure/adapter/rest/gin/handler.go:38.2,39.16 2 0
subsync/internal/infrastructure/adapter/rest/gin/handler.go:39.16,41.3 1 0
subsync/internal/infrastructure/adapter/rest/gin/handler.go:42.2,43.16 2 0
subsync/internal/infrastructure/adapter/rest/gin/handler.go:43.16,45.3 1 0
subsync/internal/infrastructure/adapter/rest/gin/handler.go:46.2,51.8 1 0
subsync/internal/infrastructure/adapter/rest/gin/handler.go:60.77,62.16 2 0
subsync/internal/infrastructure/adapter/rest/gin/handler.go:62.16,63.59 1 0
subsync/internal/infrastructure/adapter/rest/gin/handler.go:65.2,69.3 1 0
subsync/internal/infrastructure/adapter/rest/gin/handler.go:72.36,77.2 3 0
subsync/internal/infrastructure/adapter/rest/gin/handler.go:77.2,86.3 8 0
subsync/internal/infrastructure/adapter/rest/gin/handler.go:89.2,105.28 15 0
subsync/internal/infrastructure/adapter/rest/gin/handler.go:110.47,112.16 2 0
subsync/internal/infrastructure/adapter/rest/gin/handler.go:112.16,115.3 2 0
subsync/internal/infrastructure/adapter/rest/gin/handler.go:116.2,116.47 1 0
subsync/internal/infrastructure/adapter/rest/gin/handler.go:119.50,121.16 2 0
subsync/internal/infrastructure/adapter/rest/gin/handler.go:121.16,124.3 2 0
subsync/internal/infrastructure/adapter/rest/gin/handler.go:125.2,125.53 1 0
subsync/internal/infrastructure/adapter/rest/gin/handler.go:128.49,131.16 3 0
subsync/internal/infrastructure/adapter/rest/gin/handler.go:131.16,134.3 2 0
subsync/internal/infrastructure/adapter/rest/gin/handler.go:135.2,135.51 1 0
subsync/internal/infrastructure/adapter/rest/gin/handler.go:138.50,140.81 2 0
subsync/internal/infrastructure/adapter/rest/gin/handler.go:140.81,143.3 2 0
subsync/internal/infrastructure/adapter/rest/gin/handler.go:144.2,144.50 1 0
subsync/internal/infrastructure/adapter/rest/gin/handler.go:147.46,149.77 2 0
subsync/internal/infrastructure/adapter/rest/gin/handler.go:149.77,152.3 2 0
subsync/internal/infrastructure/adapter/rest/gin/handler.go:153.2,153.46 1 0
subsync/internal/infrastructure/adapter/rest/gin/handler.go:156.48,161.47 2 0
subsync/internal/infrastructure/adapter/rest/gin/handler.go:161.47,164.3 2 0
subsync/internal/infrastructure/adapter/rest/gin/handler.go:165.2,165.97 1 0
subsync/internal/infrastructure/adapter/rest/gin/handler.go:165.97,168.3 2 0
subsync/internal/infrastructure/adapter/rest/gin/handler.go:169.2,169.51 1 0
subsync/internal/infrastructure/adapter/rest/gin/handler.go:172.52,174.64 2 0
subsync/internal/infrastructure/adapter/rest/gin/handler.go:174.64,177.3 2 0
subsync/internal/infrastructure/adapter/rest/gin/handler.go:178.2,178.78 1 0
subsync/internal/infrastructure/adapter/rest/gin/handler.go:178.78,181.3 2 0
subsync/internal/infrastructure/adapter/rest/gin/handler.go:182.2,182.46 1 0
subsync/internal/infrastructure/adapter/rest/gin/handler.go:185.49,187.64 2 0
subsync/internal/infrastructure/adapter/rest/gin/handler.go:187.64,190.3 2 0
subsync/internal/infrastructure/adapter/rest/gin/handler.go:191.2,191.81 1 0
subsync/internal/infrastructure/adapter/rest/gin/handler.go:191.81,194.3 2 0
subsync/internal/infrastructure/adapter/rest/gin/handler.go:195.2,195.46 1 0
subsync/internal/infrastructure/adapter/rest/gin/handler.go:200.51,202.16 2 0
subsync/internal/infrastructure/adapter/rest/gin/handler.go:202.16,205.3 2 0
subsync/internal/infrastructure/adapter/rest/gin/handler.go:206.2,209.83 4 0
subsync/internal/infrastructure/adapter/rest/gin/handler.go:209.83,211.3 1 0
subsync/internal/infrastructure/adapter/rest/gin/handler.go:214.49,220.18 5 0
subsync/internal/infrastructure/adapter/rest/gin/handler.go:220.18,222.17 2 0
subsync/internal/infrastructure/adapter/rest/gin/handler.go:222.17,225.4 2 0
subsync/internal/infrastructure/adapter/rest/gin/handler.go:226.3,226.37 1 0
subsync/internal/infrastructure/adapter/rest/gin/handler.go:227.8,229.17 2 0
subsync/internal/infrastructure/adapter/rest/gin/handler.go:229.17,232.4 2 0
subsync/internal/infrastructure/adapter/rest/gin/handler.go:233.3,233.42 1 0
subsync/internal/infrastructure/adapter/rest/gin/handler.go:236.2,244.81 4 0
subsync/internal/infrastructure/adapter/rest/gin/handler.go:244.81,246.3 1 0
subsync/internal/infrastructure/adapter/rest/gin/handler.go:249.47,251.81 2 0
subsync/internal/infrastructure/adapter/rest/gin/handler.go:251.81,254.3 2 0
subsync/internal/infrastructure/adapter/rest/gin/handler.go:255.2,255.59 1 0
subsync/internal/infrastructure/adapter/rest/gin/handler.go:258.49,260.77 2 0
subsync/internal/infrastructure/adapter/rest/gin/handler.go:260.77,263.3 2 0
subsync/internal/infrastructure/adapter/rest/gin/handler.go:264.2,264.59 1 0
subsync/internal/infrastructure/adapter/rest/gin/handler.go:267.46,272.16 4 0
subsync/internal/infrastructure/adapter/rest/gin/handler.go:272.16,275.3 2 0
subsync/internal/infrastructure/adapter/rest/gin/handler.go:277.2,287.78 5 0
subsync/internal/infrastructure/adapter/rest/gin/handler.go:287.78,289.3 1 0
subsync/internal/infrastructure/adapter/rest/gin/handler.go:292.48,295.89 3 0
subsync/internal/infrastructure/adapter/rest/gin/handler.go:295.89,298.3 2 0
subsync/internal/infrastructure/adapter/rest/gin/handler.go:299.2,299.56 1 0
subsync/internal/infrastructure/adapter/rest/gin/handler.go:302.51,304.77 2 0
subsync/internal/infrastructure/adapter/rest/gin/handler.go:304.77,307.3 2 0
subsync/internal/infrastructure/adapter/rest/gin/handler.go:308.2,308.56 1 0
subsync/internal/infrastructure/adapter/rest/gin/handler.go:311.53,313.79 2 0
subsync/internal/infrastructure/adapter/rest/gin/handler.go:313.79,316.3 2 0
subsync/internal/infrastructure/adapter/rest/gin/handler.go:317.2,317.56 1 0
subsync/internal/infrastructure/adapter/rest/gin/handler.go:320.52,322.78 2 0
subsync/internal/infrastructure/adapter/rest/gin/handler.go:322.78,325.3 2 0
subsync/internal/infrastructure/adapter/rest/gin/handler.go:326.2,326.56 1 0
subsync/internal/infrastructure/adapter/rest/gin/handler.go:329.52,331.81 2 0
subsync/internal/infrastructure/adapter/rest/gin/handler.go:331.81,334.3 2 0
subsync/internal/infrastructure/adapter/rest/gin/handler.go:335.2,335.56 1 0
subsync/internal/infrastructure/adapter/rest/gin/handler.go:340.50,345.16 4 0
subsync/internal/infrastructure/adapter/rest/gin/handler.go:345.16,348.3 2 0
subsync/internal/infrastructure/adapter/rest/gin/handler.go:350.2,359.63 5 0
subsync/internal/infrastructure/adapter/rest/gin/handler.go:362.53,364.78 2 0
subsync/internal/infrastructure/adapter/rest/gin/handler.go:364.78,367.3 2 0
subsync/internal/infrastructure/adapter/rest/gin/handler.go:368.2,368.60 1 0
subsync/internal/infrastructure/adapter/rest/gin/handler.go:371.56,373.79 2 0
subsync/internal/infrastructure/adapter/rest/gin/handler.go:373.79,376.3 2 0
subsync/internal/infrastructure/adapter/rest/gin/handler.go:377.2,377.60 1 0
subsync/internal/infrastructure/adapter/rest/gin/handler.go:380.56,382.79 2 0
subsync/internal/infrastructure/adapter/rest/gin/handler.go:382.79,385.3 2 0
subsync/internal/infrastructure/adapter/rest/gin/handler.go:386.2,386.60 1 0
subsync/internal/infrastructure/adapter/rest/gin/handler.go:391.28,395.2 3 0
subsync/internal/infrastructure/adapter/rest/gin/handler.go:397.33,399.2 1 0
subsync/internal/infrastructure/adapter/rest/gin/handler.go:401.53,402.15 1 0
subsync/internal/infrastructure/adapter/rest/gin/handler.go:403.17,404.51 1 0
subsync/internal/infrastructure/adapter/rest/gin/handler.go:405.15,406.16 1 0
subsync/internal/infrastructure/adapter/rest/gin/handler.go:406.16,408.4 1 0
subsync/internal/infrastructure/adapter/rest/gin/handler.go:409.3,409.20 1 0
subsync/internal/infrastructure/adapter/rest/gin/handler.go:411.2,411.18 1 0
subsync/internal/infrastructure/adapter/persistence/sqlite/apikey_repo.go:14.68,16.2 1 0
subsync/internal/infrastructure/adapter/persistence/sqlite/apikey_repo.go:18.84,20.17 2 0
subsync/internal/infrastructure/adapter/persistence/sqlite/apikey_repo.go:20.17,27.3 3 0
subsync/internal/infrastructure/adapter/persistence/sqlite/apikey_repo.go:28.2,33.12 3 0
subsync/internal/infrastructure/adapter/persistence/sqlite/apikey_repo.go:36.96,41.2 3 0
subsync/internal/infrastructure/adapter/persistence/sqlite/apikey_repo.go:43.113,54.2 4 0
subsync/internal/infrastructure/adapter/persistence/sqlite/apikey_repo.go:56.80,65.2 4 0
subsync/internal/infrastructure/adapter/persistence/sqlite/apikey_repo.go:67.89,70.16 3 0
subsync/internal/infrastructure/adapter/persistence/sqlite/apikey_repo.go:70.16,72.3 1 0
subsync/internal/infrastructure/adapter/persistence/sqlite/apikey_repo.go:73.2,75.18 3 0
subsync/internal/infrastructure/adapter/persistence/sqlite/apikey_repo.go:75.18,77.17 2 0
subsync/internal/infrastructure/adapter/persistence/sqlite/apikey_repo.go:77.17,79.4 1 0
subsync/internal/infrastructure/adapter/persistence/sqlite/apikey_repo.go:80.3,80.25 1 0
subsync/internal/infrastructure/adapter/persistence/sqlite/apikey_repo.go:82.2,82.25 1 0
subsync/internal/infrastructure/adapter/persistence/sqlite/apikey_repo.go:85.76,88.2 2 0
subsync/internal/infrastructure/adapter/persistence/sqlite/apikey_repo.go:90.65,99.16 8 0
subsync/internal/infrastructure/adapter/persistence/sqlite/apikey_repo.go:99.16,101.3 1 0
subsync/internal/infrastructure/adapter/persistence/sqlite/apikey_repo.go:103.2,107.121 5 0
subsync/internal/infrastructure/adapter/persistence/sqlite/apikey_repo.go:110.55,119.16 8 0
subsync/internal/infrastructure/adapter/persistence/sqlite/apikey_repo.go:119.16,121.3 1 0
subsync/internal/infrastructure/adapter/persistence/sqlite/apikey_repo.go:123.2,127.121 5 0
subsync/internal/infrastructure/adapter/persistence/sqlite/db.go:13.43,15.16 2 0
subsync/internal/infrastructure/adapter/persistence/sqlite/db.go:15.16,17.3 1 0
subsync/internal/infrastructure/adapter/persistence/sqlite/db.go:19.2,19.36 1 0
subsync/internal/infrastructure/adapter/persistence/sqlite/db.go:19.36,21.3 1 0
subsync/internal/infrastructure/adapter/persistence/sqlite/db.go:23.2,23.16 1 0
subsync/internal/infrastructure/adapter/persistence/sqlite/db.go:26.32,28.16 2 0
subsync/internal/infrastructure/adapter/persistence/sqlite/db.go:28.16,30.3 1 0
subsync/internal/infrastructure/adapter/persistence/sqlite/db.go:32.2,32.26 1 0
subsync/internal/infrastructure/adapter/persistence/sqlite/db.go:32.26,34.17 2 0
subsync/internal/infrastructure/adapter/persistence/sqlite/db.go:34.17,36.4 1 0
subsync/internal/infrastructure/adapter/persistence/sqlite/db.go:37.3,37.53 1 0
subsync/internal/infrastructure/adapter/persistence/sqlite/db.go:37.53,39.4 1 0
subsync/internal/infrastructure/adapter/persistence/sqlite/db.go:42.2,42.12 1 0
subsync/internal/infrastructure/adapter/persistence/sqlite/migrate.go:17.32,18.44 1 0
subsync/internal/infrastructure/adapter/persistence/sqlite/migrate.go:18.44,20.3 1 0
subsync/internal/infrastructure/adapter/persistence/sqlite/migrate.go:22.2,25.12 3 0
subsync/internal/infrastructure/adapter/persistence/sqlite/subtitle_repo.go:17.72,19.2 1 0
subsync/internal/infrastructure/adapter/persistence/sqlite/subtitle_repo.go:21.88,46.2 3 0
subsync/internal/infrastructure/adapter/persistence/sqlite/subtitle_repo.go:48.107,52.2 3 0
subsync/internal/infrastructure/adapter/persistence/sqlite/subtitle_repo.go:54.93,57.16 3 0
subsync/internal/infrastructure/adapter/persistence/sqlite/subtitle_repo.go:57.16,59.3 1 0
subsync/internal/infrastructure/adapter/persistence/sqlite/subtitle_repo.go:60.2,61.28 2 0
subsync/internal/infrastructure/adapter/persistence/sqlite/subtitle_repo.go:64.102,67.16 3 0
subsync/internal/infrastructure/adapter/persistence/sqlite/subtitle_repo.go:67.16,69.3 1 0
subsync/internal/infrastructure/adapter/persistence/sqlite/subtitle_repo.go:70.2,71.28 2 0
subsync/internal/infrastructure/adapter/persistence/sqlite/subtitle_repo.go:74.119,79.16 3 0
subsync/internal/infrastructure/adapter/persistence/sqlite/subtitle_repo.go:79.16,81.3 1 0
subsync/internal/infrastructure/adapter/persistence/sqlite/subtitle_repo.go:82.2,83.28 2 0
subsync/internal/infrastructure/adapter/persistence/sqlite/subtitle_repo.go:86.133,90.16 3 0
subsync/internal/infrastructure/adapter/persistence/sqlite/subtitle_repo.go:90.16,92.3 1 0
subsync/internal/infrastructure/adapter/persistence/sqlite/subtitle_repo.go:93.2,94.28 2 0
subsync/internal/infrastructure/adapter/persistence/sqlite/subtitle_repo.go:97.96,100.16 3 0
subsync/internal/infrastructure/adapter/persistence/sqlite/subtitle_repo.go:100.16,102.3 1 0
subsync/internal/infrastructure/adapter/persistence/sqlite/subtitle_repo.go:103.2,106.18 3 0
subsync/internal/infrastructure/adapter/persistence/sqlite/subtitle_repo.go:106.18,109.52 3 0
subsync/internal/infrastructure/adapter/persistence/sqlite/subtitle_repo.go:109.52,110.12 1 0
subsync/internal/infrastructure/adapter/persistence/sqlite/subtitle_repo.go:112.3,112.17 1 0
subsync/internal/infrastructure/adapter/persistence/sqlite/subtitle_repo.go:113.15,114.22 1 0
subsync/internal/infrastructure/adapter/persistence/sqlite/subtitle_repo.go:115.17,116.24 1 0
subsync/internal/infrastructure/adapter/persistence/sqlite/subtitle_repo.go:117.16,118.23 1 0
subsync/internal/infrastructure/adapter/persistence/sqlite/subtitle_repo.go:119.26,120.32 1 0
subsync/internal/infrastructure/adapter/persistence/sqlite/subtitle_repo.go:121.19,122.26 1 0
subsync/internal/infrastructure/adapter/persistence/sqlite/subtitle_repo.go:123.23,124.29 1 0
subsync/internal/infrastructure/adapter/persistence/sqlite/subtitle_repo.go:126.3,126.23 1 0
subsync/internal/infrastructure/adapter/persistence/sqlite/subtitle_repo.go:128.2,128.19 1 0
subsync/internal/infrastructure/adapter/persistence/sqlite/subtitle_repo.go:133.59,141.16 7 0
subsync/internal/infrastructure/adapter/persistence/sqlite/subtitle_repo.go:141.16,143.3 1 0
subsync/internal/infrastructure/adapter/persistence/sqlite/subtitle_repo.go:145.2,149.120 5 0
subsync/internal/infrastructure/adapter/persistence/sqlite/subtitle_repo.go:152.64,154.18 2 0
subsync/internal/infrastructure/adapter/persistence/sqlite/subtitle_repo.go:154.18,161.171 6 0
subsync/internal/infrastructure/adapter/persistence/sqlite/subtitle_repo.go:161.171,162.12 1 0
subsync/internal/infrastructure/adapter/persistence/sqlite/subtitle_repo.go:165.3,170.17 6 0
subsync/internal/infrastructure/adapter/persistence/sqlite/subtitle_repo.go:170.17,171.12 1 0
subsync/internal/infrastructure/adapter/persistence/sqlite/subtitle_repo.go:173.3,173.36 1 0
subsync/internal/infrastructure/adapter/persistence/sqlite/subtitle_repo.go:175.2,175.20 1 0
subsync/internal/infrastructure/adapter/persistence/sqlite/subtitle_repo.go:178.49,179.31 1 0
subsync/internal/infrastructure/adapter/persistence/sqlite/subtitle_repo.go:179.31,180.50 1 0
subsync/internal/infrastructure/adapter/persistence/sqlite/subtitle_repo.go:180.50,182.4 1 0
subsync/internal/infrastructure/adapter/persistence/sqlite/subtitle_repo.go:184.2,184.19 1 0
subsync/internal/infrastructure/adapter/persistence/sqlite/timeparse.go:10.45,11.18 1 0
subsync/internal/infrastructure/adapter/persistence/sqlite/timeparse.go:11.18,13.6 1 0
subsync/internal/infrastructure/adapter/persistence/sqlite/timeparse.go:14.5,25.31 2 0
subsync/internal/infrastructure/adapter/persistence/sqlite/timeparse.go:25.31,26.59 1 0
subsync/internal/infrastructure/adapter/persistence/sqlite/timeparse.go:26.59,28.10 1 0
subsync/internal/infrastructure/adapter/persistence/sqlite/timeparse.go:31.5,31.97 1 0
subsync/internal/infrastructure/adapter/persistence/sqlite/timeparse.go:31.97,33.6 1 0
subsync/internal/infrastructure/adapter/persistence/sqlite/timeparse.go:34.5,34.23 1 0
subsync/internal/infrastructure/adapter/persistence/sqlite/timeparse.go:37.49,39.19 2 0
subsync/internal/infrastructure/adapter/persistence/sqlite/timeparse.go:39.19,41.6 1 0
subsync/internal/infrastructure/adapter/persistence/sqlite/timeparse.go:42.5,42.14 1 0
subsync/internal/infrastructure/adapter/persistence/sqlite/watchdir_repo.go:13.72,15.2 1 0
subsync/internal/infrastructure/adapter/persistence/sqlite/watchdir_repo.go:17.93,19.16 2 0
subsync/internal/infrastructure/adapter/persistence/sqlite/watchdir_repo.go:19.16,21.3 1 0
subsync/internal/infrastructure/adapter/persistence/sqlite/watchdir_repo.go:22.2,25.18 3 0
subsync/internal/infrastructure/adapter/persistence/sqlite/watchdir_repo.go:25.18,30.72 5 0
subsync/internal/infrastructure/adapter/persistence/sqlite/watchdir_repo.go:30.72,32.4 1 0
subsync/internal/infrastructure/adapter/persistence/sqlite/watchdir_repo.go:33.3,34.69 2 0
subsync/internal/infrastructure/adapter/persistence/sqlite/watchdir_repo.go:36.2,36.25 1 0
subsync/internal/infrastructure/adapter/persistence/sqlite/watchdir_repo.go:39.87,41.16 2 0
subsync/internal/infrastructure/adapter/persistence/sqlite/watchdir_repo.go:41.16,43.3 1 0
subsync/internal/infrastructure/adapter/persistence/sqlite/watchdir_repo.go:44.2,47.18 3 0
subsync/internal/infrastructure/adapter/persistence/sqlite/watchdir_repo.go:47.18,49.42 2 0
subsync/internal/infrastructure/adapter/persistence/sqlite/watchdir_repo.go:49.42,51.4 1 0
subsync/internal/infrastructure/adapter/persistence/sqlite/watchdir_repo.go:52.3,52.30 1 0
subsync/internal/infrastructure/adapter/persistence/sqlite/watchdir_repo.go:54.2,54.26 1 0
subsync/internal/infrastructure/adapter/persistence/sqlite/watchdir_repo.go:57.88,58.17 1 0
subsync/internal/infrastructure/adapter/persistence/sqlite/watchdir_repo.go:58.17,64.3 2 0
subsync/internal/infrastructure/adapter/persistence/sqlite/watchdir_repo.go:65.2,69.12 2 0
subsync/internal/infrastructure/adapter/persistence/sqlite/watchdir_repo.go:72.78,75.2 2 0
subsync/internal/infrastructure/adapter/persistence/sqlite/watchdir_repo.go:77.100,84.16 6 0
subsync/internal/infrastructure/adapter/persistence/sqlite/watchdir_repo.go:84.16,86.3 1 0
subsync/internal/infrastructure/adapter/persistence/sqlite/watchdir_repo.go:87.2,87.82 1 0
subsync/internal/core/domain/event/events.go:17.67,19.2 1 0
subsync/internal/core/domain/event/events.go:21.53,21.87 1 0
subsync/internal/core/domain/event/events.go:22.54,22.77 1 0
subsync/internal/core/domain/event/events.go:31.74,33.2 1 0
subsync/internal/core/domain/event/events.go:35.51,35.83 1 0
subsync/internal/core/domain/event/events.go:36.52,36.75 1 0
subsync/internal/core/domain/event/events.go:45.65,47.2 1 0
subsync/internal/core/domain/event/events.go:49.48,49.77 1 0
subsync/internal/core/domain/event/events.go:50.49,50.72 1 0
subsync/internal/testmocks/mock_apikey_repo.go:14.82,16.2 1 0
subsync/internal/testmocks/mock_apikey_repo.go:18.94,20.24 2 0
subsync/internal/testmocks/mock_apikey_repo.go:20.24,22.3 1 0
subsync/internal/testmocks/mock_apikey_repo.go:23.2,23.52 1 0
subsync/internal/testmocks/mock_apikey_repo.go:26.111,28.24 2 0
subsync/internal/testmocks/mock_apikey_repo.go:28.24,30.3 1 0
subsync/internal/testmocks/mock_apikey_repo.go:31.2,31.52 1 0
subsync/internal/testmocks/mock_apikey_repo.go:34.78,36.2 1 0
subsync/internal/testmocks/mock_apikey_repo.go:38.87,40.24 2 0
subsync/internal/testmocks/mock_apikey_repo.go:40.24,42.3 1 0
subsync/internal/testmocks/mock_apikey_repo.go:43.2,43.54 1 0
subsync/internal/testmocks/mock_apikey_repo.go:46.74,48.2 1 0
subsync/internal/testmocks/mock_event_publisher.go:12.59,14.2 1 0
subsync/internal/testmocks/mock_progress_store.go:14.101,16.2 1 0
subsync/internal/testmocks/mock_progress_store.go:18.102,20.24 2 0
subsync/internal/testmocks/mock_progress_store.go:20.24,22.3 1 0
subsync/internal/testmocks/mock_progress_store.go:23.2,23.67 1 0
subsync/internal/testmocks/mock_progress_store.go:26.78,28.2 1 0
subsync/internal/testmocks/mock_subtitle_repo.go:16.86,18.2 1 0
subsync/internal/testmocks/mock_subtitle_repo.go:20.105,22.24 2 0
subsync/internal/testmocks/mock_subtitle_repo.go:22.24,24.3 1 0
subsync/internal/testmocks/mock_subtitle_repo.go:25.2,25.54 1 0
subsync/internal/testmocks/mock_subtitle_repo.go:28.91,30.24 2 0
subsync/internal/testmocks/mock_subtitle_repo.go:30.24,32.3 1 0
subsync/internal/testmocks/mock_subtitle_repo.go:33.2,33.56 1 0
subsync/internal/testmocks/mock_subtitle_repo.go:36.100,38.24 2 0
subsync/internal/testmocks/mock_subtitle_repo.go:38.24,40.3 1 0
subsync/internal/testmocks/mock_subtitle_repo.go:41.2,41.56 1 0
subsync/internal/testmocks/mock_subtitle_repo.go:44.94,47.2 2 0
subsync/internal/testmocks/mock_subtitle_repo.go:49.117,51.24 2 0
subsync/internal/testmocks/mock_subtitle_repo.go:51.24,53.3 1 0
subsync/internal/testmocks/mock_subtitle_repo.go:54.2,54.56 1 0
subsync/internal/testmocks/mock_subtitle_repo.go:57.131,59.24 2 0
subsync/internal/testmocks/mock_subtitle_repo.go:59.24,61.3 1 0
subsync/internal/testmocks/mock_subtitle_repo.go:62.2,62.56 1 0
subsync/internal/testmocks/mock_task_queue.go:13.90,15.2 1 0
subsync/internal/testmocks/mock_translation_provider.go:14.132,16.24 2 0
subsync/internal/testmocks/mock_translation_provider.go:16.24,18.3 1 0
subsync/internal/testmocks/mock_translation_provider.go:19.2,19.53 1 0
subsync/internal/testmocks/mock_video_processor.go:13.103,16.2 2 0
subsync/internal/testmocks/mock_video_processor.go:18.105,20.2 1 0
subsync/internal/testmocks/mock_video_processor.go:22.102,25.2 2 0
subsync/internal/testmocks/mock_watchdir_repo.go:14.91,16.24 2 0
subsync/internal/testmocks/mock_watchdir_repo.go:16.24,18.3 1 0
subsync/internal/testmocks/mock_watchdir_repo.go:19.2,19.56 1 0
subsync/internal/testmocks/mock_watchdir_repo.go:22.85,24.24 2 0
subsync/internal/testmocks/mock_watchdir_repo.go:24.24,26.3 1 0
subsync/internal/testmocks/mock_watchdir_repo.go:27.2,27.46 1 0
subsync/internal/testmocks/mock_watchdir_repo.go:30.98,32.24 2 0
subsync/internal/testmocks/mock_watchdir_repo.go:32.24,34.3 1 0
subsync/internal/testmocks/mock_watchdir_repo.go:35.2,35.54 1 0
subsync/internal/testmocks/mock_watchdir_repo.go:38.86,40.2 1 0
subsync/internal/testmocks/mock_watchdir_repo.go:42.76,44.2 1 0
subsync/internal/infrastructure/adapter/translation/gemini/translator.go:31.46,38.2 1 0
subsync/internal/infrastructure/adapter/translation/gemini/translator.go:40.48,42.75 2 0
subsync/internal/infrastructure/adapter/translation/gemini/translator.go:42.75,46.3 3 0
subsync/internal/infrastructure/adapter/translation/gemini/translator.go:47.2,47.23 1 0
subsync/internal/infrastructure/adapter/translation/gemini/translator.go:50.53,51.27 1 0
subsync/internal/infrastructure/adapter/translation/gemini/translator.go:51.27,53.3 1 0
subsync/internal/infrastructure/adapter/translation/gemini/translator.go:54.2,54.13 1 0
subsync/internal/infrastructure/adapter/translation/gemini/translator.go:57.130,59.16 2 0
subsync/internal/infrastructure/adapter/translation/gemini/translator.go:59.16,61.3 1 0
subsync/internal/infrastructure/adapter/translation/gemini/translator.go:64.2,66.27 3 0
subsync/internal/infrastructure/adapter/translation/gemini/translator.go:66.27,74.3 3 0
subsync/internal/infrastructure/adapter/translation/gemini/translator.go:77.2,78.35 2 0
subsync/internal/infrastructure/adapter/translation/gemini/translator.go:78.35,80.3 1 0
subsync/internal/infrastructure/adapter/translation/gemini/translator.go:82.2,87.16 3 0
subsync/internal/infrastructure/adapter/translation/gemini/translator.go:87.16,89.3 1 0
subsync/internal/infrastructure/adapter/translation/gemini/translator.go:92.2,94.16 3 0
subsync/internal/infrastructure/adapter/translation/gemini/translator.go:94.16,96.3 1 0
subsync/internal/infrastructure/adapter/translation/gemini/translator.go:99.2,99.28 1 0
subsync/internal/infrastructure/adapter/translation/gemini/translator.go:99.28,100.50 1 0
subsync/internal/infrastructure/adapter/translation/gemini/translator.go:100.50,102.4 1 0
subsync/internal/infrastructure/adapter/translation/gemini/translator.go:105.2,105.24 1 0
subsync/internal/infrastructure/adapter/translation/gemini/translator.go:108.110,112.29 3 0
subsync/internal/infrastructure/adapter/translation/gemini/translator.go:112.29,114.17 2 0
subsync/internal/infrastructure/adapter/translation/gemini/translator.go:114.17,115.12 1 0
subsync/internal/infrastructure/adapter/translation/gemini/translator.go:118.3,119.18 2 0
subsync/internal/infrastructure/adapter/translation/gemini/translator.go:119.18,120.12 1 0
subsync/internal/infrastructure/adapter/translation/gemini/translator.go:122.3,124.21 3 0
subsync/internal/infrastructure/adapter/translation/gemini/translator.go:124.21,125.12 1 0
subsync/internal/infrastructure/adapter/translation/gemini/translator.go:128.3,135.5 3 0
subsync/internal/infrastructure/adapter/translation/gemini/translator.go:138.2,138.38 1 0
subsync/internal/infrastructure/adapter/translation/gemini/translator.go:138.38,140.3 1 0
subsync/internal/infrastructure/adapter/translation/gemini/translator.go:142.2,142.24 1 0
subsync/internal/infrastructure/adapter/translation/gemini/translator.go:145.57,148.12 3 0
subsync/internal/infrastructure/adapter/translation/gemini/translator.go:148.12,150.3 1 0
subsync/internal/infrastructure/adapter/translation/gemini/translator.go:151.2,151.86 1 0
subsync/internal/infrastructure/adapter/translation/gemini/translator.go:151.86,153.3 1 0
subsync/internal/infrastructure/adapter/translation/gemini/translator.go:154.2,155.37 1 0
subsync/internal/infrastructure/adapter/translation/gemini/translator.go:155.37,157.3 1 0
subsync/internal/infrastructure/adapter/translation/gemini/translator.go:158.2,158.47 1 0
subsync/cmd/api/main.go:16.13,20.16 3 0
subsync/cmd/api/main.go:20.16,22.3 1 0
subsync/cmd/api/main.go:23.2,25.43 2 0
subsync/cmd/api/main.go:25.43,27.3 1 0
subsync/cmd/api/main.go:29.2,39.39 8 0
subsync/cmd/api/main.go:39.39,41.3 1 0
subsync/internal/core/domain/exception/errors.go:9.42,11.2 1 0
subsync/internal/core/domain/exception/errors.go:17.52,19.2 1 0
subsync/internal/core/domain/exception/errors.go:25.52,27.2 1 0
subsync/internal/core/domain/exception/errors.go:33.51,35.2 1 0
subsync/internal/core/domain/exception/errors.go:41.49,43.2 1 0
subsync/internal/core/domain/exception/errors.go:51.59,53.2 1 0
subsync/cmd/tools/main.go:18.13,19.22 1 0
subsync/cmd/tools/main.go:19.22,24.3 4 0
subsync/cmd/tools/main.go:26.2,29.16 3 0
subsync/cmd/tools/main.go:29.16,31.3 1 0
subsync/cmd/tools/main.go:32.2,34.43 2 0
subsync/cmd/tools/main.go:34.43,36.3 1 0
subsync/cmd/tools/main.go:38.2,41.20 3 0
subsync/cmd/tools/main.go:42.24,44.17 2 0
subsync/cmd/tools/main.go:44.17,46.4 1 0
subsync/cmd/tools/main.go:47.3,48.29 2 0
subsync/cmd/tools/main.go:48.29,49.67 1 0
subsync/cmd/tools/main.go:49.67,51.13 2 0
subsync/cmd/tools/main.go:53.4,53.52 1 0
subsync/cmd/tools/main.go:53.52,55.13 2 0
subsync/cmd/tools/main.go:57.4,57.14 1 0
subsync/cmd/tools/main.go:59.3,59.72 1 0
subsync/cmd/tools/main.go:61.24,63.17 2 0
subsync/cmd/tools/main.go:63.17,65.4 1 0
subsync/cmd/tools/main.go:66.3,67.29 2 0
subsync/cmd/tools/main.go:67.29,69.45 2 0
subsync/cmd/tools/main.go:69.45,70.13 1 0
subsync/cmd/tools/main.go:73.4,73.52 1 0
subsync/cmd/tools/main.go:73.52,75.13 2 0
subsync/cmd/tools/main.go:77.4,78.11 2 0
subsync/cmd/tools/main.go:80.3,80.90 1 0
subsync/cmd/tools/main.go:82.10,83.51 1 0
subsync/internal/infrastructure/adapter/queue/asynq/client.go:16.57,20.2 3 0
subsync/internal/infrastructure/adapter/queue/asynq/client.go:22.91,24.16 2 0
subsync/internal/infrastructure/adapter/queue/asynq/client.go:24.16,26.3 1 0
subsync/internal/infrastructure/adapter/queue/asynq/client.go:28.2,33.12 3 0
subsync/internal/infrastructure/adapter/queue/asynq/redisurl.go:12.58,13.92 1 0
subsync/internal/infrastructure/adapter/queue/asynq/redisurl.go:13.92,14.54 1 0
subsync/internal/infrastructure/adapter/queue/asynq/redisurl.go:14.54,16.30 2 0
subsync/internal/infrastructure/adapter/queue/asynq/redisurl.go:16.30,17.51 1 0
subsync/internal/infrastructure/adapter/queue/asynq/redisurl.go:17.51,19.18 1 0
subsync/internal/infrastructure/adapter/queue/asynq/redisurl.go:21.13,21.29 1 0
subsync/internal/infrastructure/adapter/queue/asynq/redisurl.go:21.29,23.32 2 0
subsync/internal/infrastructure/adapter/queue/asynq/redisurl.go:23.32,24.67 1 0
subsync/internal/infrastructure/adapter/queue/asynq/redisurl.go:24.67,26.22 1 0
subsync/internal/infrastructure/adapter/queue/asynq/redisurl.go:29.13,29.23 1 0
subsync/internal/infrastructure/adapter/queue/asynq/redisurl.go:32.5,32.48 1 0
subsync/internal/infrastructure/adapter/queue/asynq/server.go:17.124,27.2 3 0
subsync/internal/infrastructure/adapter/queue/asynq/server.go:29.43,33.2 3 0
subsync/internal/infrastructure/adapter/queue/asynq/server.go:35.90,37.65 2 0
subsync/internal/infrastructure/adapter/queue/asynq/server.go:37.65,40.3 2 0
subsync/internal/infrastructure/adapter/queue/asynq/server.go:41.2,41.27 1 0
subsync/internal/infrastructure/adapter/queue/asynq/server.go:41.27,44.3 2 0
subsync/internal/infrastructure/adapter/queue/asynq/server.go:45.2,45.61 1 0
subsync/cmd/embedder/main.go:17.13,21.16 3 0
subsync/cmd/embedder/main.go:21.16,23.3 1 0
subsync/cmd/embedder/main.go:24.2,26.43 2 0
subsync/cmd/embedder/main.go:26.43,28.3 1 0
subsync/cmd/embedder/main.go:30.2,40.6 5 0
subsync/cmd/embedder/main.go:40.6,41.77 1 0
subsync/cmd/embedder/main.go:41.77,43.4 1 0
subsync/cmd/embedder/main.go:44.3,44.64 1 0
subsync/pkg/config/config.go:30.21,42.2 1 0
subsync/pkg/config/config.go:44.53,45.37 1 0
subsync/pkg/config/config.go:45.37,47.3 1 0
subsync/pkg/config/config.go:48.2,48.21 1 0
subsync/pkg/config/config.go:51.50,52.37 1 0
subsync/pkg/config/config.go:52.37,53.46 1 0
subsync/pkg/config/config.go:53.46,55.4 1 0
subsync/pkg/config/config.go:57.2,57.21 1 0
subsync/internal/infrastructure/adapter/video/ffmpeg/processor.go:29.44,31.2 1 0
subsync/internal/infrastructure/adapter/video/ffmpeg/processor.go:33.52,36.2 2 0
subsync/internal/infrastructure/adapter/video/ffmpeg/processor.go:38.99,47.16 3 0
subsync/internal/infrastructure/adapter/video/ffmpeg/processor.go:47.16,49.3 1 0
subsync/internal/infrastructure/adapter/video/ffmpeg/processor.go:50.2,51.88 2 0
subsync/internal/infrastructure/adapter/video/ffmpeg/processor.go:54.100,58.89 2 0
subsync/internal/infrastructure/adapter/video/ffmpeg/processor.go:58.89,59.42 1 0
subsync/internal/infrastructure/adapter/video/ffmpeg/processor.go:59.42,60.30 1 0
subsync/internal/infrastructure/adapter/video/ffmpeg/processor.go:60.30,62.5 1 0
subsync/internal/infrastructure/adapter/video/ffmpeg/processor.go:63.4,63.20 1 0
subsync/internal/infrastructure/adapter/video/ffmpeg/processor.go:68.2,69.28 2 0
subsync/internal/infrastructure/adapter/video/ffmpeg/processor.go:69.28,70.75 1 0
subsync/internal/infrastructure/adapter/video/ffmpeg/processor.go:70.75,72.4 1 0
subsync/internal/infrastructure/adapter/video/ffmpeg/processor.go:76.2,77.16 2 0
subsync/internal/infrastructure/adapter/video/ffmpeg/processor.go:77.16,79.3 1 0
subsync/internal/infrastructure/adapter/video/ffmpeg/processor.go:82.2,90.34 3 0
subsync/internal/infrastructure/adapter/video/ffmpeg/processor.go:90.34,92.3 1 0
subsync/internal/infrastructure/adapter/video/ffmpeg/processor.go:94.2,94.36 1 0
subsync/internal/infrastructure/adapter/video/ffmpeg/processor.go:94.36,97.3 2 0
subsync/internal/infrastructure/adapter/video/ffmpeg/processor.go:99.2,99.21 1 0
subsync/internal/infrastructure/adapter/video/ffmpeg/processor.go:102.101,111.16 3 0
subsync/internal/infrastructure/adapter/video/ffmpeg/processor.go:111.16,113.3 1 0
subsync/internal/infrastructure/adapter/video/ffmpeg/processor.go:115.2,116.52 2 0
subsync/internal/infrastructure/adapter/video/ffmpeg/processor.go:116.52,118.3 1 0
subsync/internal/infrastructure/adapter/video/ffmpeg/processor.go:120.2,122.34 2 0
subsync/internal/infrastructure/adapter/video/ffmpeg/processor.go:122.34,126.36 3 0
subsync/internal/infrastructure/adapter/video/ffmpeg/processor.go:126.36,127.12 1 0
subsync/internal/infrastructure/adapter/video/ffmpeg/processor.go:129.3,130.34 2 0
subsync/internal/infrastructure/adapter/video/ffmpeg/processor.go:130.34,131.36 1 0
subsync/internal/infrastructure/adapter/video/ffmpeg/processor.go:131.36,133.10 2 0
subsync/internal/infrastructure/adapter/video/ffmpeg/processor.go:136.3,136.12 1 0
subsync/internal/infrastructure/adapter/video/ffmpeg/processor.go:136.12,138.4 1 0
subsync/internal/infrastructure/adapter/video/ffmpeg/processor.go:142.2,142.28 1 0
subsync/internal/infrastructure/adapter/video/ffmpeg/processor.go:142.28,144.3 1 0
subsync/internal/infrastructure/adapter/video/ffmpeg/processor.go:145.2,145.31 1 0
subsync/internal/infrastructure/adapter/video/ffmpeg/processor.go:148.91,157.16 3 0
subsync/internal/infrastructure/adapter/video/ffmpeg/processor.go:157.16,159.3 1 0
subsync/internal/infrastructure/adapter/video/ffmpeg/processor.go:160.2,161.52 2 0
subsync/internal/infrastructure/adapter/video/ffmpeg/processor.go:161.52,163.3 1 0
subsync/internal/infrastructure/adapter/video/ffmpeg/processor.go:164.2,164.27 1 0
subsync/internal/infrastructure/adapter/video/ffmpeg/processor.go:167.74,176.2 3 0
subsync/internal/infrastructure/adapter/video/ffmpeg/processor.go:178.102,179.51 1 0
subsync/internal/infrastructure/adapter/video/ffmpeg/processor.go:179.51,181.3 1 0
subsync/internal/infrastructure/adapter/video/ffmpeg/processor.go:182.2,182.46 1 0
subsync/internal/infrastructure/adapter/video/ffmpeg/processor.go:182.46,184.3 1 0
subsync/internal/infrastructure/adapter/video/ffmpeg/processor.go:185.2,185.44 1 0
subsync/internal/infrastructure/adapter/video/ffmpeg/processor.go:185.44,187.3 1 0
subsync/internal/infrastructure/adapter/video/ffmpeg/processor.go:189.2,190.16 2 0
subsync/internal/infrastructure/adapter/video/ffmpeg/processor.go:190.16,192.3 1 0
subsync/internal/infrastructure/adapter/video/ffmpeg/processor.go:194.2,198.19 4 0
subsync/internal/infrastructure/adapter/video/ffmpeg/processor.go:198.19,209.3 3 0
subsync/internal/infrastructure/adapter/video/ffmpeg/processor.go:209.8,218.3 1 0
subsync/internal/infrastructure/adapter/video/ffmpeg/processor.go:220.2,220.34 1 0
subsync/internal/infrastructure/adapter/video/ffmpeg/processor.go:220.34,223.3 2 0
subsync/internal/infrastructure/adapter/video/ffmpeg/processor.go:225.2,226.57 2 0
subsync/internal/infrastructure/adapter/video/ffmpeg/processor.go:226.57,229.3 2 0
subsync/internal/infrastructure/adapter/video/ffmpeg/processor.go:231.2,231.30 1 0
subsync/internal/infrastructure/adapter/video/ffmpeg/processor.go:231.30,234.3 2 0
subsync/internal/infrastructure/adapter/video/ffmpeg/processor.go:236.2,236.38 1 0
subsync/cmd/worker/main.go:17.13,21.16 3 0
subsync/cmd/worker/main.go:21.16,23.3 1 0
subsync/cmd/worker/main.go:24.2,26.43 2 0
subsync/cmd/worker/main.go:26.43,28.3 1 0
subsync/cmd/worker/main.go:30.2,49.45 8 0
subsync/cmd/worker/main.go:49.45,51.3 1 0
